2025-07-27T08:00:33: 🔧 Using port: 7777 (from env: 7777)
2025-07-27T08:00:33: ⏰ Scheduler o'rnatildi: reklama tekshiruvi har soat
2025-07-27T08:00:33: 🚀 Server is running on port 7777
2025-07-27T08:00:33: 🤖 Bot ishga tushmoqda...
2025-07-27T08:00:33: (node:82695) [node-telegram-bot-api] DeprecationWarning: `options.polling.timeout` is deprecated. Use `options.polling.params` instead.
(Use `node --trace-deprecation ...` to show where the warning was created)
2025-07-27T08:00:35: ✅ MongoDB connected successfully
2025-07-27T08:00:35: ✅ MongoDB connected successfully
2025-07-27T08:00:40: 🚫 Telegram Bot polling error: TelegramError: ETELEGRAM: 409 Conflict: terminated by other getUpdates request; make sure that only one bot instance is running
    at /Users/abdullah/Desktop/post-vacancy-bot/node_modules/node-telegram-bot-api/src/telegram.js:316:15
    at tryCatcher (/Users/abdullah/Desktop/post-vacancy-bot/node_modules/bluebird/js/release/util.js:16:23)
    at Promise._settlePromiseFromHandler (/Users/abdullah/Desktop/post-vacancy-bot/node_modules/bluebird/js/release/promise.js:547:31)
    at Promise._settlePromise (/Users/abdullah/Desktop/post-vacancy-bot/node_modules/bluebird/js/release/promise.js:604:18)
    at Promise._settlePromise0 (/Users/abdullah/Desktop/post-vacancy-bot/node_modules/bluebird/js/release/promise.js:649:10)
    at Promise._settlePromises (/Users/abdullah/Desktop/post-vacancy-bot/node_modules/bluebird/js/release/promise.js:729:18)
    at _drainQueueStep (/Users/abdullah/Desktop/post-vacancy-bot/node_modules/bluebird/js/release/async.js:93:12)
    at _drainQueue (/Users/abdullah/Desktop/post-vacancy-bot/node_modules/bluebird/js/release/async.js:86:9)
    at Async._drainQueues (/Users/abdullah/Desktop/post-vacancy-bot/node_modules/bluebird/js/release/async.js:102:5)
    at Async.drainQueues [as _onImmediate] (/Users/abdullah/Desktop/post-vacancy-bot/node_modules/bluebird/js/release/async.js:15:14)
    at process.processImmediate (node:internal/timers:505:21) {
  code: 'ETELEGRAM',
  response: <ref *1> IncomingMessage {
    _events: {
      close: [Array],
      error: [Function (anonymous)],
      data: [Function (anonymous)],
      end: [Array],
      readable: undefined
    },
    _readableState: ReadableState {
      highWaterMark: 65536,
      buffer: [],
      bufferIndex: 0,
      length: 0,
      pipes: [],
      awaitDrainWriters: null,
      Symbol(kState): 194779004
    },
    _maxListeners: undefined,
    socket: null,
    httpVersionMajor: 1,
    httpVersionMinor: 1,
    httpVersion: '1.1',
    complete: true,
    rawHeaders: [
      'Server',
      'nginx/1.18.0',
      'Date',
      'Sun, 27 Jul 2025 03:00:40 GMT',
      'Content-Type',
      'application/json',
      'Content-Length',
      '143',
      'Connection',
      'keep-alive',
      'Strict-Transport-Security',
      'max-age=31536000; includeSubDomains; preload',
      'Access-Control-Allow-Origin',
      '*',
      'Access-Control-Expose-Headers',
      'Content-Length,Content-Type,Date,Server,Connection'
    ],
    rawTrailers: [],
    joinDuplicateHeaders: undefined,
    aborted: false,
    upgrade: false,
    url: '',
    method: null,
    statusCode: 409,
    statusMessage: 'Conflict',
    client: TLSSocket {
      _tlsOptions: [Object],
      _secureEstablished: true,
      _securePending: false,
      _newSessionPending: false,
      _controlReleased: true,
      secureConnecting: false,
      _SNICallback: null,
      servername: 'api.telegram.org',
      alpnProtocol: false,
      authorized: true,
      authorizationError: null,
      encrypted: true,
      _events: [Object: null prototype],
      _eventsCount: 9,
      connecting: false,
      _hadError: false,
      _parent: null,
      _host: 'api.telegram.org',
      _closeAfterHandlingError: false,
      _readableState: [ReadableState],
      _writableState: [WritableState],
      allowHalfOpen: false,
      _maxListeners: undefined,
      _sockname: null,
      _pendingData: null,
      _pendingEncoding: '',
      server: undefined,
      _server: null,
      ssl: [TLSWrap],
      _requestCert: true,
      _rejectUnauthorized: true,
      parser: null,
      _httpMessage: null,
      timeout: 0,
      Symbol(alpncallback): null,
      Symbol(res): [TLSWrap],
      Symbol(verified): true,
      Symbol(pendingSession): null,
      Symbol(async_id_symbol): -1,
      Symbol(kHandle): [TLSWrap],
      Symbol(lastWriteQueueSize): 0,
      Symbol(timeout): Timeout {
        _idleTimeout: -1,
        _idlePrev: null,
        _idleNext: null,
        _idleStart: 7735,
        _onTimeout: null,
        _timerArgs: undefined,
        _repeat: null,
        _destroyed: true,
        Symbol(refed): false,
        Symbol(kHasPrimitive): false,
        Symbol(asyncId): 396,
        Symbol(triggerId): 394,
        Symbol(kAsyncContextFrame): undefined
      },
      Symbol(kBuffer): null,
      Symbol(kBufferCb): null,
      Symbol(kBufferGen): null,
      Symbol(shapeMode): true,
      Symbol(kCapture): false,
      Symbol(kSetNoDelay): false,
      Symbol(kSetKeepAlive): true,
      Symbol(kSetKeepAliveInitialDelay): 1,
      Symbol(kBytesRead): 0,
      Symbol(kBytesWritten): 0,
      Symbol(connect-options): [Object]
    },
    _consuming: false,
    _dumped: false,
    req: ClientRequest {
      _events: [Object: null prototype],
      _eventsCount: 6,
      _maxListeners: undefined,
      outputData: [],
      outputSize: 0,
      writable: true,
      destroyed: true,
      _last: false,
      chunkedEncoding: false,
      shouldKeepAlive: true,
      maxRequestsOnConnectionReached: false,
      _defaultKeepAlive: true,
      useChunkedEncodingByDefault: true,
      sendDate: false,
      _removedConnection: false,
      _removedContLen: false,
      _removedTE: false,
      strictContentLength: false,
      _contentLength: 19,
      _hasBody: true,
      _trailer: '',
      finished: true,
      _headerSent: true,
      _closed: true,
      _header: 'POST /bot7670144032:AAEHC3P3r_Vz7CKBVLvUuWrUMp_2pFloiZE/getUpdates HTTP/1.1\r\n' +
        'host: api.telegram.org\r\n' +
        'content-type: application/x-www-form-urlencoded\r\n' +
        'content-length: 19\r\n' +
        'Connection: keep-alive\r\n' +
        '\r\n',
      _keepAliveTimeout: 0,
      _onPendingData: [Function: nop],
      agent: [Agent],
      socketPath: undefined,
      method: 'POST',
      maxHeaderSize: undefined,
      insecureHTTPParser: undefined,
      joinDuplicateHeaders: undefined,
      path: '/bot7670144032:AAEHC3P3r_Vz7CKBVLvUuWrUMp_2pFloiZE/getUpdates',
      _ended: true,
      res: [Circular *1],
      aborted: false,
      timeoutCb: null,
      upgradeOrConnect: false,
      parser: null,
      maxHeadersCount: null,
      reusedSocket: true,
      host: 'api.telegram.org',
      protocol: 'https:',
      Symbol(shapeMode): false,
      Symbol(kCapture): false,
      Symbol(kBytesWritten): 0,
      Symbol(kNeedDrain): false,
      Symbol(corked): 0,
      Symbol(kChunkedBuffer): [],
      Symbol(kChunkedLength): 0,
      Symbol(kSocket): [TLSSocket],
      Symbol(kOutHeaders): [Object: null prototype],
      Symbol(errored): null,
      Symbol(kHighWaterMark): 65536,
      Symbol(kRejectNonStandardBodyWrites): false,
      Symbol(kUniqueHeaders): null
    },
    _eventsCount: 4,
    request: Request {
      _events: [Object: null prototype],
      _eventsCount: 5,
      _maxListeners: undefined,
      timeout: 60000,
      connectTimeout: 60000,
      readTimeout: 60000,
      keepAlive: true,
      keepAliveMsecs: 1000,
      maxSockets: 50,
      maxFreeSockets: 10,
      method: 'POST',
      simple: false,
      resolveWithFullResponse: true,
      forever: true,
      readable: true,
      writable: true,
      explicitMethod: true,
      _qs: [Querystring],
      _auth: [Auth],
      _multipart: [Multipart],
      _redirect: [Redirect],
      _tunnel: [Tunnel],
      _rp_resolve: [Function (anonymous)],
      _rp_reject: [Function (anonymous)],
      _rp_promise: [Promise [Object]],
      _rp_callbackOrig: undefined,
      callback: [Function (anonymous)],
      _rp_options: [Object],
      headers: [Object],
      setHeader: [Function (anonymous)],
      hasHeader: [Function (anonymous)],
      getHeader: [Function (anonymous)],
      removeHeader: [Function (anonymous)],
      localAddress: undefined,
      pool: [Object],
      dests: [],
      __isRequestRequest: true,
      _callback: [Function: RP$callback],
      uri: [Url],
      proxy: null,
      tunnel: true,
      setHost: true,
      originalCookieHeader: undefined,
      _disableCookies: true,
      _jar: undefined,
      port: 443,
      host: 'api.telegram.org',
      body: 'timeout=60&offset=0',
      path: '/bot7670144032:AAEHC3P3r_Vz7CKBVLvUuWrUMp_2pFloiZE/getUpdates',
      httpModule: [Object],
      agentClass: [Function: Agent],
      agentOptions: [Object],
      agent: [Agent],
      _started: true,
      href: 'https://api.telegram.org/bot7670144032:AAEHC3P3r_Vz7CKBVLvUuWrUMp_2pFloiZE/getUpdates',
      req: [ClientRequest],
      ntick: true,
      response: [Circular *1],
      originalHost: 'api.telegram.org',
      originalHostHeaderName: 'host',
      responseContent: [Circular *1],
      _destdata: true,
      _ended: true,
      _callbackCalled: true,
      Symbol(shapeMode): false,
      Symbol(kCapture): false
    },
    toJSON: [Function: responseToJSON],
    caseless: Caseless { dict: [Object] },
    body: {
      ok: false,
      error_code: 409,
      description: 'Conflict: terminated by other getUpdates request; make sure that only one bot instance is running'
    },
    Symbol(shapeMode): true,
    Symbol(kCapture): false,
    Symbol(kHeaders): {
      server: 'nginx/1.18.0',
      date: 'Sun, 27 Jul 2025 03:00:40 GMT',
      'content-type': 'application/json',
      'content-length': '143',
      connection: 'keep-alive',
      'strict-transport-security': 'max-age=31536000; includeSubDomains; preload',
      'access-control-allow-origin': '*',
      'access-control-expose-headers': 'Content-Length,Content-Type,Date,Server,Connection'
    },
    Symbol(kHeadersCount): 16,
    Symbol(kTrailers): null,
    Symbol(kTrailersCount): 0
  }
}
2025-07-27T08:00:40: ✅ Bot muvaffaqiyatli ishga tushdi!
2025-07-27T08:00:47: 🚫 Telegram Bot polling error: TelegramError: ETELEGRAM: 409 Conflict: terminated by other getUpdates request; make sure that only one bot instance is running
    at /Users/abdullah/Desktop/post-vacancy-bot/node_modules/node-telegram-bot-api/src/telegram.js:316:15
    at tryCatcher (/Users/abdullah/Desktop/post-vacancy-bot/node_modules/bluebird/js/release/util.js:16:23)
    at Promise._settlePromiseFromHandler (/Users/abdullah/Desktop/post-vacancy-bot/node_modules/bluebird/js/release/promise.js:547:31)
    at Promise._settlePromise (/Users/abdullah/Desktop/post-vacancy-bot/node_modules/bluebird/js/release/promise.js:604:18)
    at Promise._settlePromise0 (/Users/abdullah/Desktop/post-vacancy-bot/node_modules/bluebird/js/release/promise.js:649:10)
    at Promise._settlePromises (/Users/abdullah/Desktop/post-vacancy-bot/node_modules/bluebird/js/release/promise.js:729:18)
    at _drainQueueStep (/Users/abdullah/Desktop/post-vacancy-bot/node_modules/bluebird/js/release/async.js:93:12)
    at _drainQueue (/Users/abdullah/Desktop/post-vacancy-bot/node_modules/bluebird/js/release/async.js:86:9)
    at Async._drainQueues (/Users/abdullah/Desktop/post-vacancy-bot/node_modules/bluebird/js/release/async.js:102:5)
    at Async.drainQueues [as _onImmediate] (/Users/abdullah/Desktop/post-vacancy-bot/node_modules/bluebird/js/release/async.js:15:14)
    at process.processImmediate (node:internal/timers:505:21) {
  code: 'ETELEGRAM',
  response: <ref *1> IncomingMessage {
    _events: {
      close: [Array],
      error: [Function (anonymous)],
      data: [Function (anonymous)],
      end: [Array],
      readable: undefined
    },
    _readableState: ReadableState {
      highWaterMark: 65536,
      buffer: [],
      bufferIndex: 0,
      length: 0,
      pipes: [],
      awaitDrainWriters: null,
      Symbol(kState): 194779004
    },
    _maxListeners: undefined,
    socket: null,
    httpVersionMajor: 1,
    httpVersionMinor: 1,
    httpVersion: '1.1',
    complete: true,
    rawHeaders: [
      'Server',
      'nginx/1.18.0',
      'Date',
      'Sun, 27 Jul 2025 03:00:47 GMT',
      'Content-Type',
      'application/json',
      'Content-Length',
      '143',
      'Connection',
      'keep-alive',
      'Strict-Transport-Security',
      'max-age=31536000; includeSubDomains; preload',
      'Access-Control-Allow-Origin',
      '*',
      'Access-Control-Expose-Headers',
      'Content-Length,Content-Type,Date,Server,Connection'
    ],
    rawTrailers: [],
    joinDuplicateHeaders: undefined,
    aborted: false,
    upgrade: false,
    url: '',
    method: null,
    statusCode: 409,
    statusMessage: 'Conflict',
    client: TLSSocket {
      _tlsOptions: [Object],
      _secureEstablished: true,
      _securePending: false,
      _newSessionPending: false,
      _controlReleased: true,
      secureConnecting: false,
      _SNICallback: null,
      servername: 'api.telegram.org',
      alpnProtocol: false,
      authorized: true,
      authorizationError: null,
      encrypted: true,
      _events: [Object: null prototype],
      _eventsCount: 9,
      connecting: false,
      _hadError: false,
      _parent: null,
      _host: 'api.telegram.org',
      _closeAfterHandlingError: false,
      _readableState: [ReadableState],
      _writableState: [WritableState],
      allowHalfOpen: false,
      _maxListeners: undefined,
      _sockname: null,
      _pendingData: null,
      _pendingEncoding: '',
      server: undefined,
      _server: null,
      ssl: [TLSWrap],
      _requestCert: true,
      _rejectUnauthorized: true,
      parser: null,
      _httpMessage: null,
      timeout: 0,
      Symbol(alpncallback): null,
      Symbol(res): [TLSWrap],
      Symbol(verified): true,
      Symbol(pendingSession): null,
      Symbol(async_id_symbol): -1,
      Symbol(kHandle): [TLSWrap],
      Symbol(lastWriteQueueSize): 0,
      Symbol(timeout): Timeout {
        _idleTimeout: -1,
        _idlePrev: null,
        _idleNext: null,
        _idleStart: 14736,
        _onTimeout: null,
        _timerArgs: undefined,
        _repeat: null,
        _destroyed: true,
        Symbol(refed): false,
        Symbol(kHasPrimitive): false,
        Symbol(asyncId): 660,
        Symbol(triggerId): 658,
        Symbol(kAsyncContextFrame): undefined
      },
      Symbol(kBuffer): null,
      Symbol(kBufferCb): null,
      Symbol(kBufferGen): null,
      Symbol(shapeMode): true,
      Symbol(kCapture): false,
      Symbol(kSetNoDelay): false,
      Symbol(kSetKeepAlive): true,
      Symbol(kSetKeepAliveInitialDelay): 1,
      Symbol(kBytesRead): 0,
      Symbol(kBytesWritten): 0,
      Symbol(connect-options): [Object]
    },
    _consuming: false,
    _dumped: false,
    req: ClientRequest {
      _events: [Object: null prototype],
      _eventsCount: 6,
      _maxListeners: undefined,
      outputData: [],
      outputSize: 0,
      writable: true,
      destroyed: true,
      _last: false,
      chunkedEncoding: false,
      shouldKeepAlive: true,
      maxRequestsOnConnectionReached: false,
      _defaultKeepAlive: true,
      useChunkedEncodingByDefault: true,
      sendDate: false,
      _removedConnection: false,
      _removedContLen: false,
      _removedTE: false,
      strictContentLength: false,
      _contentLength: 19,
      _hasBody: true,
      _trailer: '',
      finished: true,
      _headerSent: true,
      _closed: true,
      _header: 'POST /bot7670144032:AAEHC3P3r_Vz7CKBVLvUuWrUMp_2pFloiZE/getUpdates HTTP/1.1\r\n' +
        'host: api.telegram.org\r\n' +
        'content-type: application/x-www-form-urlencoded\r\n' +
        'content-length: 19\r\n' +
        'Connection: keep-alive\r\n' +
        '\r\n',
      _keepAliveTimeout: 0,
      _onPendingData: [Function: nop],
      agent: [Agent],
      socketPath: undefined,
      method: 'POST',
      maxHeaderSize: undefined,
      insecureHTTPParser: undefined,
      joinDuplicateHeaders: undefined,
      path: '/bot7670144032:AAEHC3P3r_Vz7CKBVLvUuWrUMp_2pFloiZE/getUpdates',
      _ended: true,
      res: [Circular *1],
      aborted: false,
      timeoutCb: null,
      upgradeOrConnect: false,
      parser: null,
      maxHeadersCount: null,
      reusedSocket: true,
      host: 'api.telegram.org',
      protocol: 'https:',
      Symbol(shapeMode): false,
      Symbol(kCapture): false,
      Symbol(kBytesWritten): 0,
      Symbol(kNeedDrain): false,
      Symbol(corked): 0,
      Symbol(kChunkedBuffer): [],
      Symbol(kChunkedLength): 0,
      Symbol(kSocket): [TLSSocket],
      Symbol(kOutHeaders): [Object: null prototype],
      Symbol(errored): null,
      Symbol(kHighWaterMark): 65536,
      Symbol(kRejectNonStandardBodyWrites): false,
      Symbol(kUniqueHeaders): null
    },
    _eventsCount: 4,
    request: Request {
      _events: [Object: null prototype],
      _eventsCount: 5,
      _maxListeners: undefined,
      timeout: 60000,
      connectTimeout: 60000,
      readTimeout: 60000,
      keepAlive: true,
      keepAliveMsecs: 1000,
      maxSockets: 50,
      maxFreeSockets: 10,
      method: 'POST',
      simple: false,
      resolveWithFullResponse: true,
      forever: true,
      readable: true,
      writable: true,
      explicitMethod: true,
      _qs: [Querystring],
      _auth: [Auth],
      _multipart: [Multipart],
      _redirect: [Redirect],
      _tunnel: [Tunnel],
      _rp_resolve: [Function (anonymous)],
      _rp_reject: [Function (anonymous)],
      _rp_promise: [Promise [Object]],
      _rp_callbackOrig: undefined,
      callback: [Function (anonymous)],
      _rp_options: [Object],
      headers: [Object],
      setHeader: [Function (anonymous)],
      hasHeader: [Function (anonymous)],
      getHeader: [Function (anonymous)],
      removeHeader: [Function (anonymous)],
      localAddress: undefined,
      pool: [Object],
      dests: [],
      __isRequestRequest: true,
      _callback: [Function: RP$callback],
      uri: [Url],
      proxy: null,
      tunnel: true,
      setHost: true,
      originalCookieHeader: undefined,
      _disableCookies: true,
      _jar: undefined,
      port: 443,
      host: 'api.telegram.org',
      body: 'timeout=60&offset=0',
      path: '/bot7670144032:AAEHC3P3r_Vz7CKBVLvUuWrUMp_2pFloiZE/getUpdates',
      httpModule: [Object],
      agentClass: [Function: Agent],
      agentOptions: [Object],
      agent: [Agent],
      _started: true,
      href: 'https://api.telegram.org/bot7670144032:AAEHC3P3r_Vz7CKBVLvUuWrUMp_2pFloiZE/getUpdates',
      req: [ClientRequest],
      ntick: true,
      response: [Circular *1],
      originalHost: 'api.telegram.org',
      originalHostHeaderName: 'host',
      responseContent: [Circular *1],
      _destdata: true,
      _ended: true,
      _callbackCalled: true,
      Symbol(shapeMode): false,
      Symbol(kCapture): false
    },
    toJSON: [Function: responseToJSON],
    caseless: Caseless { dict: [Object] },
    body: {
      ok: false,
      error_code: 409,
      description: 'Conflict: terminated by other getUpdates request; make sure that only one bot instance is running'
    },
    Symbol(shapeMode): true,
    Symbol(kCapture): false,
    Symbol(kHeaders): {
      server: 'nginx/1.18.0',
      date: 'Sun, 27 Jul 2025 03:00:47 GMT',
      'content-type': 'application/json',
      'content-length': '143',
      connection: 'keep-alive',
      'strict-transport-security': 'max-age=31536000; includeSubDomains; preload',
      'access-control-allow-origin': '*',
      'access-control-expose-headers': 'Content-Length,Content-Type,Date,Server,Connection'
    },
    Symbol(kHeadersCount): 16,
    Symbol(kTrailers): null,
    Symbol(kTrailersCount): 0
  }
}
2025-07-27T08:00:54: 🚫 Telegram Bot polling error: TelegramError: ETELEGRAM: 409 Conflict: terminated by other getUpdates request; make sure that only one bot instance is running
    at /Users/abdullah/Desktop/post-vacancy-bot/node_modules/node-telegram-bot-api/src/telegram.js:316:15
    at tryCatcher (/Users/abdullah/Desktop/post-vacancy-bot/node_modules/bluebird/js/release/util.js:16:23)
    at Promise._settlePromiseFromHandler (/Users/abdullah/Desktop/post-vacancy-bot/node_modules/bluebird/js/release/promise.js:547:31)
    at Promise._settlePromise (/Users/abdullah/Desktop/post-vacancy-bot/node_modules/bluebird/js/release/promise.js:604:18)
    at Promise._settlePromise0 (/Users/abdullah/Desktop/post-vacancy-bot/node_modules/bluebird/js/release/promise.js:649:10)
    at Promise._settlePromises (/Users/abdullah/Desktop/post-vacancy-bot/node_modules/bluebird/js/release/promise.js:729:18)
    at _drainQueueStep (/Users/abdullah/Desktop/post-vacancy-bot/node_modules/bluebird/js/release/async.js:93:12)
    at _drainQueue (/Users/abdullah/Desktop/post-vacancy-bot/node_modules/bluebird/js/release/async.js:86:9)
    at Async._drainQueues (/Users/abdullah/Desktop/post-vacancy-bot/node_modules/bluebird/js/release/async.js:102:5)
    at Async.drainQueues [as _onImmediate] (/Users/abdullah/Desktop/post-vacancy-bot/node_modules/bluebird/js/release/async.js:15:14)
    at process.processImmediate (node:internal/timers:505:21) {
  code: 'ETELEGRAM',
  response: <ref *1> IncomingMessage {
    _events: {
      close: [Array],
      error: [Function (anonymous)],
      data: [Function (anonymous)],
      end: [Array],
      readable: undefined
    },
    _readableState: ReadableState {
      highWaterMark: 65536,
      buffer: [],
      bufferIndex: 0,
      length: 0,
      pipes: [],
      awaitDrainWriters: null,
      Symbol(kState): 194779004
    },
    _maxListeners: undefined,
    socket: null,
    httpVersionMajor: 1,
    httpVersionMinor: 1,
    httpVersion: '1.1',
    complete: true,
    rawHeaders: [
      'Server',
      'nginx/1.18.0',
      'Date',
      'Sun, 27 Jul 2025 03:00:54 GMT',
      'Content-Type',
      'application/json',
      'Content-Length',
      '143',
      'Connection',
      'keep-alive',
      'Strict-Transport-Security',
      'max-age=31536000; includeSubDomains; preload',
      'Access-Control-Allow-Origin',
      '*',
      'Access-Control-Expose-Headers',
      'Content-Length,Content-Type,Date,Server,Connection'
    ],
    rawTrailers: [],
    joinDuplicateHeaders: undefined,
    aborted: false,
    upgrade: false,
    url: '',
    method: null,
    statusCode: 409,
    statusMessage: 'Conflict',
    client: TLSSocket {
      _tlsOptions: [Object],
      _secureEstablished: true,
      _securePending: false,
      _newSessionPending: false,
      _controlReleased: true,
      secureConnecting: false,
      _SNICallback: null,
      servername: 'api.telegram.org',
      alpnProtocol: false,
      authorized: true,
      authorizationError: null,
      encrypted: true,
      _events: [Object: null prototype],
      _eventsCount: 9,
      connecting: false,
      _hadError: false,
      _parent: null,
      _host: 'api.telegram.org',
      _closeAfterHandlingError: false,
      _readableState: [ReadableState],
      _writableState: [WritableState],
      allowHalfOpen: false,
      _maxListeners: undefined,
      _sockname: null,
      _pendingData: null,
      _pendingEncoding: '',
      server: undefined,
      _server: null,
      ssl: [TLSWrap],
      _requestCert: true,
      _rejectUnauthorized: true,
      parser: null,
      _httpMessage: null,
      timeout: 0,
      Symbol(alpncallback): null,
      Symbol(res): [TLSWrap],
      Symbol(verified): true,
      Symbol(pendingSession): null,
      Symbol(async_id_symbol): -1,
      Symbol(kHandle): [TLSWrap],
      Symbol(lastWriteQueueSize): 0,
      Symbol(timeout): Timeout {
        _idleTimeout: -1,
        _idlePrev: null,
        _idleNext: null,
        _idleStart: 21737,
        _onTimeout: null,
        _timerArgs: undefined,
        _repeat: null,
        _destroyed: true,
        Symbol(refed): false,
        Symbol(kHasPrimitive): false,
        Symbol(asyncId): 970,
        Symbol(triggerId): 968,
        Symbol(kAsyncContextFrame): undefined
      },
      Symbol(kBuffer): null,
      Symbol(kBufferCb): null,
      Symbol(kBufferGen): null,
      Symbol(shapeMode): true,
      Symbol(kCapture): false,
      Symbol(kSetNoDelay): false,
      Symbol(kSetKeepAlive): true,
      Symbol(kSetKeepAliveInitialDelay): 1,
      Symbol(kBytesRead): 0,
      Symbol(kBytesWritten): 0,
      Symbol(connect-options): [Object]
    },
    _consuming: false,
    _dumped: false,
    req: ClientRequest {
      _events: [Object: null prototype],
      _eventsCount: 6,
      _maxListeners: undefined,
      outputData: [],
      outputSize: 0,
      writable: true,
      destroyed: true,
      _last: false,
      chunkedEncoding: false,
      shouldKeepAlive: true,
      maxRequestsOnConnectionReached: false,
      _defaultKeepAlive: true,
      useChunkedEncodingByDefault: true,
      sendDate: false,
      _removedConnection: false,
      _removedContLen: false,
      _removedTE: false,
      strictContentLength: false,
      _contentLength: 19,
      _hasBody: true,
      _trailer: '',
      finished: true,
      _headerSent: true,
      _closed: true,
      _header: 'POST /bot7670144032:AAEHC3P3r_Vz7CKBVLvUuWrUMp_2pFloiZE/getUpdates HTTP/1.1\r\n' +
        'host: api.telegram.org\r\n' +
        'content-type: application/x-www-form-urlencoded\r\n' +
        'content-length: 19\r\n' +
        'Connection: keep-alive\r\n' +
        '\r\n',
      _keepAliveTimeout: 0,
      _onPendingData: [Function: nop],
      agent: [Agent],
      socketPath: undefined,
      method: 'POST',
      maxHeaderSize: undefined,
      insecureHTTPParser: undefined,
      joinDuplicateHeaders: undefined,
      path: '/bot7670144032:AAEHC3P3r_Vz7CKBVLvUuWrUMp_2pFloiZE/getUpdates',
      _ended: true,
      res: [Circular *1],
      aborted: false,
      timeoutCb: null,
      upgradeOrConnect: false,
      parser: null,
      maxHeadersCount: null,
      reusedSocket: true,
      host: 'api.telegram.org',
      protocol: 'https:',
      Symbol(shapeMode): false,
      Symbol(kCapture): false,
      Symbol(kBytesWritten): 0,
      Symbol(kNeedDrain): false,
      Symbol(corked): 0,
      Symbol(kChunkedBuffer): [],
      Symbol(kChunkedLength): 0,
      Symbol(kSocket): [TLSSocket],
      Symbol(kOutHeaders): [Object: null prototype],
      Symbol(errored): null,
      Symbol(kHighWaterMark): 65536,
      Symbol(kRejectNonStandardBodyWrites): false,
      Symbol(kUniqueHeaders): null
    },
    _eventsCount: 4,
    request: Request {
      _events: [Object: null prototype],
      _eventsCount: 5,
      _maxListeners: undefined,
      timeout: 60000,
      connectTimeout: 60000,
      readTimeout: 60000,
      keepAlive: true,
      keepAliveMsecs: 1000,
      maxSockets: 50,
      maxFreeSockets: 10,
      method: 'POST',
      simple: false,
      resolveWithFullResponse: true,
      forever: true,
      readable: true,
      writable: true,
      explicitMethod: true,
      _qs: [Querystring],
      _auth: [Auth],
      _multipart: [Multipart],
      _redirect: [Redirect],
      _tunnel: [Tunnel],
      _rp_resolve: [Function (anonymous)],
      _rp_reject: [Function (anonymous)],
      _rp_promise: [Promise [Object]],
      _rp_callbackOrig: undefined,
      callback: [Function (anonymous)],
      _rp_options: [Object],
      headers: [Object],
      setHeader: [Function (anonymous)],
      hasHeader: [Function (anonymous)],
      getHeader: [Function (anonymous)],
      removeHeader: [Function (anonymous)],
      localAddress: undefined,
      pool: [Object],
      dests: [],
      __isRequestRequest: true,
      _callback: [Function: RP$callback],
      uri: [Url],
      proxy: null,
      tunnel: true,
      setHost: true,
      originalCookieHeader: undefined,
      _disableCookies: true,
      _jar: undefined,
      port: 443,
      host: 'api.telegram.org',
      body: 'timeout=60&offset=0',
      path: '/bot7670144032:AAEHC3P3r_Vz7CKBVLvUuWrUMp_2pFloiZE/getUpdates',
      httpModule: [Object],
      agentClass: [Function: Agent],
      agentOptions: [Object],
      agent: [Agent],
      _started: true,
      href: 'https://api.telegram.org/bot7670144032:AAEHC3P3r_Vz7CKBVLvUuWrUMp_2pFloiZE/getUpdates',
      req: [ClientRequest],
      ntick: true,
      response: [Circular *1],
      originalHost: 'api.telegram.org',
      originalHostHeaderName: 'host',
      responseContent: [Circular *1],
      _destdata: true,
      _ended: true,
      _callbackCalled: true,
      Symbol(shapeMode): false,
      Symbol(kCapture): false
    },
    toJSON: [Function: responseToJSON],
    caseless: Caseless { dict: [Object] },
    body: {
      ok: false,
      error_code: 409,
      description: 'Conflict: terminated by other getUpdates request; make sure that only one bot instance is running'
    },
    Symbol(shapeMode): true,
    Symbol(kCapture): false,
    Symbol(kHeaders): {
      server: 'nginx/1.18.0',
      date: 'Sun, 27 Jul 2025 03:00:54 GMT',
      'content-type': 'application/json',
      'content-length': '143',
      connection: 'keep-alive',
      'strict-transport-security': 'max-age=31536000; includeSubDomains; preload',
      'access-control-allow-origin': '*',
      'access-control-expose-headers': 'Content-Length,Content-Type,Date,Server,Connection'
    },
    Symbol(kHeadersCount): 16,
    Symbol(kTrailers): null,
    Symbol(kTrailersCount): 0
  }
}
